2025-03-29 21:13:31,048 - INFO - [preprocessor.py] Creating pipeline and processing data.
2025-03-29 21:13:31,048 - INFO - [preprocessor.py] Pipeline created successfully.
2025-03-29 21:13:31,048 - INFO - [preprocessor.py] Preprocessing the X_train and X_test datasets....
2025-03-29 21:13:31,048 - INFO - [preprocessor.py] Adding Clusters, Feature Engineering and Preprocessing the data w.r.t numerical and cat columns....
2025-03-29 21:13:31,186 - INFO - [preprocessor.py] Pipeline saved successfully.
2025-03-29 21:13:31,186 - INFO - [preprocessor.py] Saving the processed datasets....
2025-03-29 21:13:31,371 - INFO - [preprocessor.py] Processed datasets saved successfully.
2025-03-29 21:14:27,526 - INFO - [train.py] Training and evaluating models...
2025-03-29 21:14:27,526 - INFO - [train.py] Training Linear Regression...
2025-03-29 21:14:27,530 - INFO - [train.py] Training Decision Tree...
2025-03-29 21:14:27,696 - INFO - [train.py] Training Random Forest...
2025-03-29 21:14:36,271 - INFO - [train.py] Training Gradient Boosting...
2025-03-29 21:14:39,118 - INFO - [train.py] Training XGBoost...
2025-03-29 21:14:39,322 - INFO - [train.py] Model evaluation results:
2025-03-29 21:14:39,322 - INFO - [train.py] Linear Regression: RMSE: 0.7044, MAE: 0.5256, R2: 0.6214
2025-03-29 21:14:39,322 - INFO - [train.py] Decision Tree: RMSE: 0.6944, MAE: 0.4496, R2: 0.6320
2025-03-29 21:14:39,322 - INFO - [train.py] Random Forest: RMSE: 0.4940, MAE: 0.3188, R2: 0.8138
2025-03-29 21:14:39,322 - INFO - [train.py] Gradient Boosting: RMSE: 0.5376, MAE: 0.3678, R2: 0.7795
2025-03-29 21:14:39,322 - INFO - [train.py] XGBoost: RMSE: 0.4689, MAE: 0.3076, R2: 0.8322
2025-03-29 21:14:39,322 - INFO - [train.py] Best Model: XGBoost with RMSE: 0.4689, MAE: 0.3076, R2: 0.8322
2025-03-29 21:14:39,323 - INFO - [train.py] Optimizing XGBoost using RandomizedSearchCV ...
2025-03-29 21:14:48,098 - INFO - [train.py] Optimized XGBoost with Params: {'subsample': 1.0, 'n_estimators': 500, 'max_depth': 5, 'learning_rate': 0.20333333333333334, 'colsample_bytree': 0.875}
2025-03-29 21:14:48,102 - INFO - [train.py] Best model saved at /Users/mahaveer/Desktop/soulai/housing_price_prediction/src/../models/best_model.pkl
2025-03-29 21:14:48,102 - INFO - [train.py] Best Model Parameters: {'subsample': 1.0, 'n_estimators': 500, 'max_depth': 5, 'learning_rate': 0.20333333333333334, 'colsample_bytree': 0.875}
2025-03-29 21:14:48,103 - INFO - [train.py] Evaluating XGBoost on test set...
2025-03-29 21:14:48,110 - INFO - [train.py] Test Set Evaluation - XGBoost:
2025-03-29 21:14:48,110 - INFO - [train.py] RMSE: 0.4488
2025-03-29 21:14:48,110 - INFO - [train.py] MAE: 0.2943
2025-03-29 21:14:48,110 - INFO - [train.py] R2 Score: 0.8463
2025-03-29 21:15:42,900 - INFO - [app.py] [8.5, 20, 5.4, 1.2, 3000, 3.2, 37.78, -122.42]
2025-03-29 21:15:42,925 - INFO - [app.py] Predictions run on [8.5, 20, 5.4, 1.2, 3000, 3.2, 37.78, -122.42], result: 3.8984200954437256
